<?xml version="1.0" encoding="UTF-8"?>
<testsuite name="com.project.smallbeginjava11.SmallBeginJava11ApplicationTests" tests="1" skipped="0" failures="0" errors="0" timestamp="2022-01-15T13:54:35" hostname="DESKTOP-H5TMK7S" time="0.989">
  <properties/>
  <testcase name="contextLoads()" classname="com.project.smallbeginjava11.SmallBeginJava11ApplicationTests" time="0.989"/>
  <system-out><![CDATA[22:54:27.230 [Test worker] DEBUG org.springframework.test.context.BootstrapUtils - Instantiating CacheAwareContextLoaderDelegate from class [org.springframework.test.context.cache.DefaultCacheAwareContextLoaderDelegate]
22:54:27.279 [Test worker] DEBUG org.springframework.test.context.BootstrapUtils - Instantiating BootstrapContext using constructor [public org.springframework.test.context.support.DefaultBootstrapContext(java.lang.Class,org.springframework.test.context.CacheAwareContextLoaderDelegate)]
22:54:27.423 [Test worker] DEBUG org.springframework.test.context.BootstrapUtils - Instantiating TestContextBootstrapper for test class [com.project.smallbeginjava11.SmallBeginJava11ApplicationTests] from class [org.springframework.boot.test.context.SpringBootTestContextBootstrapper]
22:54:27.477 [Test worker] INFO org.springframework.boot.test.context.SpringBootTestContextBootstrapper - Neither @ContextConfiguration nor @ContextHierarchy found for test class [com.project.smallbeginjava11.SmallBeginJava11ApplicationTests], using SpringBootContextLoader
22:54:27.494 [Test worker] DEBUG org.springframework.test.context.support.AbstractContextLoader - Did not detect default resource location for test class [com.project.smallbeginjava11.SmallBeginJava11ApplicationTests]: class path resource [com/project/smallbeginjava11/SmallBeginJava11ApplicationTests-context.xml] does not exist
22:54:27.497 [Test worker] DEBUG org.springframework.test.context.support.AbstractContextLoader - Did not detect default resource location for test class [com.project.smallbeginjava11.SmallBeginJava11ApplicationTests]: class path resource [com/project/smallbeginjava11/SmallBeginJava11ApplicationTestsContext.groovy] does not exist
22:54:27.497 [Test worker] INFO org.springframework.test.context.support.AbstractContextLoader - Could not detect default resource locations for test class [com.project.smallbeginjava11.SmallBeginJava11ApplicationTests]: no resource found for suffixes {-context.xml, Context.groovy}.
22:54:27.500 [Test worker] INFO org.springframework.test.context.support.AnnotationConfigContextLoaderUtils - Could not detect default configuration classes for test class [com.project.smallbeginjava11.SmallBeginJava11ApplicationTests]: SmallBeginJava11ApplicationTests does not declare any static, non-private, non-final, nested classes annotated with @Configuration.
22:54:27.674 [Test worker] DEBUG org.springframework.test.context.support.ActiveProfilesUtils - Could not find an 'annotation declaring class' for annotation type [org.springframework.test.context.ActiveProfiles] and class [com.project.smallbeginjava11.SmallBeginJava11ApplicationTests]
22:54:27.891 [Test worker] DEBUG org.springframework.context.annotation.ClassPathScanningCandidateComponentProvider - Identified candidate component class: file [C:\Users\l\IdeaProjects\smallBeginJava11\build\classes\java\main\com\project\smallbeginjava11\SmallBeginJava11Application.class]
22:54:27.895 [Test worker] INFO org.springframework.boot.test.context.SpringBootTestContextBootstrapper - Found @SpringBootConfiguration com.project.smallbeginjava11.SmallBeginJava11Application for test class com.project.smallbeginjava11.SmallBeginJava11ApplicationTests
22:54:28.329 [Test worker] DEBUG org.springframework.boot.test.context.SpringBootTestContextBootstrapper - @TestExecutionListeners is not present for class [com.project.smallbeginjava11.SmallBeginJava11ApplicationTests]: using defaults.
22:54:28.332 [Test worker] INFO org.springframework.boot.test.context.SpringBootTestContextBootstrapper - Loaded default TestExecutionListener class names from location [META-INF/spring.factories]: [org.springframework.boot.test.autoconfigure.restdocs.RestDocsTestExecutionListener, org.springframework.boot.test.autoconfigure.web.client.MockRestServiceServerResetTestExecutionListener, org.springframework.boot.test.autoconfigure.web.servlet.MockMvcPrintOnlyOnFailureTestExecutionListener, org.springframework.boot.test.autoconfigure.web.servlet.WebDriverTestExecutionListener, org.springframework.boot.test.autoconfigure.webservices.client.MockWebServiceServerTestExecutionListener, org.springframework.boot.test.mock.mockito.MockitoTestExecutionListener, org.springframework.boot.test.mock.mockito.ResetMocksTestExecutionListener, org.springframework.test.context.web.ServletTestExecutionListener, org.springframework.test.context.support.DirtiesContextBeforeModesTestExecutionListener, org.springframework.test.context.event.ApplicationEventsTestExecutionListener, org.springframework.test.context.support.DependencyInjectionTestExecutionListener, org.springframework.test.context.support.DirtiesContextTestExecutionListener, org.springframework.test.context.transaction.TransactionalTestExecutionListener, org.springframework.test.context.jdbc.SqlScriptsTestExecutionListener, org.springframework.test.context.event.EventPublishingTestExecutionListener]
22:54:28.419 [Test worker] INFO org.springframework.boot.test.context.SpringBootTestContextBootstrapper - Using TestExecutionListeners: [org.springframework.test.context.web.ServletTestExecutionListener@750fe12e, org.springframework.test.context.support.DirtiesContextBeforeModesTestExecutionListener@f8908f6, org.springframework.test.context.event.ApplicationEventsTestExecutionListener@3e587920, org.springframework.boot.test.mock.mockito.MockitoTestExecutionListener@2ef8a8c3, org.springframework.boot.test.autoconfigure.SpringBootDependencyInjectionTestExecutionListener@24f43aa3, org.springframework.test.context.support.DirtiesContextTestExecutionListener@63fd4873, org.springframework.test.context.transaction.TransactionalTestExecutionListener@1e11bc55, org.springframework.test.context.jdbc.SqlScriptsTestExecutionListener@7544a1e4, org.springframework.test.context.event.EventPublishingTestExecutionListener@70e0accd, org.springframework.boot.test.autoconfigure.restdocs.RestDocsTestExecutionListener@7957dc72, org.springframework.boot.test.autoconfigure.web.client.MockRestServiceServerResetTestExecutionListener@6ab72419, org.springframework.boot.test.autoconfigure.web.servlet.MockMvcPrintOnlyOnFailureTestExecutionListener@3aacf32a, org.springframework.boot.test.autoconfigure.web.servlet.WebDriverTestExecutionListener@4fdfa676, org.springframework.boot.test.autoconfigure.webservices.client.MockWebServiceServerTestExecutionListener@82c57b3, org.springframework.boot.test.mock.mockito.ResetMocksTestExecutionListener@5be82d43]
22:54:28.434 [Test worker] DEBUG org.springframework.test.context.support.AbstractDirtiesContextTestExecutionListener - Before test class: context [DefaultTestContext@31c269fd testClass = SmallBeginJava11ApplicationTests, testInstance = [null], testMethod = [null], testException = [null], mergedContextConfiguration = [WebMergedContextConfiguration@372b0d86 testClass = SmallBeginJava11ApplicationTests, locations = '{}', classes = '{class com.project.smallbeginjava11.SmallBeginJava11Application}', contextInitializerClasses = '[]', activeProfiles = '{}', propertySourceLocations = '{}', propertySourceProperties = '{org.springframework.boot.test.context.SpringBootTestContextBootstrapper=true}', contextCustomizers = set[org.springframework.boot.test.autoconfigure.actuate.metrics.MetricsExportContextCustomizerFactory$DisableMetricExportContextCustomizer@5c42d2b7, org.springframework.boot.test.autoconfigure.properties.PropertyMappingContextCustomizer@0, org.springframework.boot.test.autoconfigure.web.servlet.WebDriverContextCustomizerFactory$Customizer@75b25825, org.springframework.boot.test.context.filter.ExcludeFilterContextCustomizer@57459491, org.springframework.boot.test.json.DuplicateJsonObjectContextCustomizerFactory$DuplicateJsonObjectContextCustomizer@78fbff54, org.springframework.boot.test.mock.mockito.MockitoContextCustomizer@0, org.springframework.boot.test.web.client.TestRestTemplateContextCustomizer@36f48b4, org.springframework.boot.test.context.SpringBootTestArgs@1, org.springframework.boot.test.context.SpringBootTestWebEnvironment@68746f22], resourceBasePath = 'src/main/webapp', contextLoader = 'org.springframework.boot.test.context.SpringBootContextLoader', parent = [null]], attributes = map['org.springframework.test.context.web.ServletTestExecutionListener.activateListener' -> true]], class annotated with @DirtiesContext [false] with mode [null].
22:54:28.643 [Test worker] DEBUG org.springframework.boot.ApplicationServletEnvironment - Activating profiles []
22:54:28.645 [Test worker] DEBUG org.springframework.test.context.support.TestPropertySourceUtils - Adding inlined properties to environment: {spring.jmx.enabled=false, org.springframework.boot.test.context.SpringBootTestContextBootstrapper=true}

  .   ____          _            __ _ _
 /\\ / ___'_ __ _ _(_)_ __  __ _ \ \ \ \
( ( )\___ | '_ | '_| | '_ \/ _` | \ \ \ \
 \\/  ___)| |_)| | | | | || (_| |  ) ) ) )
  '  |____| .__|_| |_|_| |_\__, | / / / /
 =========|_|==============|___/=/_/_/_/
 :: Spring Boot ::                (v2.6.2)

2022-01-15 22:54:29.676  INFO 26340 --- [    Test worker] c.p.s.SmallBeginJava11ApplicationTests   : Starting SmallBeginJava11ApplicationTests using Java 11.0.13 on DESKTOP-H5TMK7S with PID 26340 (started by l in C:\Users\l\IdeaProjects\smallBeginJava11)
2022-01-15 22:54:29.680  INFO 26340 --- [    Test worker] c.p.s.SmallBeginJava11ApplicationTests   : No active profile set, falling back to default profiles: default
2022-01-15 22:54:35.694  INFO 26340 --- [    Test worker] c.p.s.SmallBeginJava11ApplicationTests   : Started SmallBeginJava11ApplicationTests in 7.045 seconds (JVM running for 15.664)
]]></system-out>
  <system-err><![CDATA[]]></system-err>
</testsuite>
